[debug] [2023-03-28T21:21:52.577Z] ----------------------------------------------------------------------
[debug] [2023-03-28T21:21:52.587Z] Command:       C:\Program Files\nodejs\node.exe C:\Users\andishe\AppData\Roaming\npm\node_modules\firebase-tools\lib\bin\firebase.js serve
[debug] [2023-03-28T21:21:52.590Z] CLI Version:   11.25.1
[debug] [2023-03-28T21:21:52.591Z] Platform:      win32
[debug] [2023-03-28T21:21:52.591Z] Node Version:  v16.16.0
[debug] [2023-03-28T21:21:52.595Z] Time:          Tue Mar 28 2023 23:21:52 GMT+0200 (Central European Summer Time)
[debug] [2023-03-28T21:21:52.596Z] ----------------------------------------------------------------------
[debug] 
[debug] [2023-03-28T21:21:53.156Z] > command requires scopes: ["email","openid","https://www.googleapis.com/auth/cloudplatformprojects.readonly","https://www.googleapis.com/auth/firebase","https://www.googleapis.com/auth/cloud-platform"]
[debug] [2023-03-28T21:21:53.158Z] > authorizing via signed-in user (kabdi9312@gmail.com)
[debug] [2023-03-28T21:21:53.159Z] [iam] checking project react-booking-app-45c29 for permissions ["firebase.projects.get"]
[debug] [2023-03-28T21:21:53.169Z] >>> [apiv2][query] POST https://cloudresourcemanager.googleapis.com/v1/projects/react-booking-app-45c29:testIamPermissions [none]
[debug] [2023-03-28T21:21:53.171Z] >>> [apiv2][(partial)header] POST https://cloudresourcemanager.googleapis.com/v1/projects/react-booking-app-45c29:testIamPermissions x-goog-quota-user=projects/react-booking-app-45c29
[debug] [2023-03-28T21:21:53.172Z] >>> [apiv2][body] POST https://cloudresourcemanager.googleapis.com/v1/projects/react-booking-app-45c29:testIamPermissions {"permissions":["firebase.projects.get"]}
[debug] [2023-03-28T21:21:53.507Z] <<< [apiv2][status] POST https://cloudresourcemanager.googleapis.com/v1/projects/react-booking-app-45c29:testIamPermissions 200
[debug] [2023-03-28T21:21:53.508Z] <<< [apiv2][body] POST https://cloudresourcemanager.googleapis.com/v1/projects/react-booking-app-45c29:testIamPermissions {"permissions":["firebase.projects.get"]}
[debug] [2023-03-28T21:21:53.513Z] >>> [apiv2][query] GET https://firebase.googleapis.com/v1beta1/projects/react-booking-app-45c29 [none]
[debug] [2023-03-28T21:21:53.784Z] <<< [apiv2][status] GET https://firebase.googleapis.com/v1beta1/projects/react-booking-app-45c29 200
[debug] [2023-03-28T21:21:53.785Z] <<< [apiv2][body] GET https://firebase.googleapis.com/v1beta1/projects/react-booking-app-45c29 {"projectId":"react-booking-app-45c29","projectNumber":"380173475463","displayName":"react-booking-app","name":"projects/react-booking-app-45c29","resources":{"hostingSite":"react-booking-app-45c29"},"state":"ACTIVE","etag":"1_4e1f7180-66e2-4e06-b84b-4997a7911abf"}
[info] 
[info] === Serving from 'C:\Users\andishe\Desktop\booking-react-app\react-booking'...
[info] 
[debug] [2023-03-28T21:21:53.822Z] defaultcredentials: writing to file C:\Users\andishe\AppData\Roaming\firebase\kabdi9312_gmail_com_application_default_credentials.json
[debug] [2023-03-28T21:21:53.835Z] Setting GAC to C:\Users\andishe\AppData\Roaming\firebase\kabdi9312_gmail_com_application_default_credentials.json {"metadata":{"emulator":{"name":"functions"},"message":"Setting GAC to C:\\Users\\andishe\\AppData\\Roaming\\firebase\\kabdi9312_gmail_com_application_default_credentials.json"}}
[debug] [2023-03-28T21:21:53.844Z] >>> [apiv2][query] GET https://firebase.googleapis.com/v1beta1/projects/react-booking-app-45c29/adminSdkConfig [none]
[debug] [2023-03-28T21:21:54.107Z] <<< [apiv2][status] GET https://firebase.googleapis.com/v1beta1/projects/react-booking-app-45c29/adminSdkConfig 200
[debug] [2023-03-28T21:21:54.108Z] <<< [apiv2][body] GET https://firebase.googleapis.com/v1beta1/projects/react-booking-app-45c29/adminSdkConfig {"projectId":"react-booking-app-45c29","storageBucket":"react-booking-app-45c29.appspot.com"}
[info] i  functions: Watching "C:\Users\andishe\Desktop\booking-react-app\react-booking\functions" for Cloud Functions... {"metadata":{"emulator":{"name":"functions"},"message":"Watching \"C:\\Users\\andishe\\Desktop\\booking-react-app\\react-booking\\functions\" for Cloud Functions..."}}
[debug] [2023-03-28T21:21:54.215Z] Validating nodejs source
[debug] [2023-03-28T21:22:02.483Z] > [functions] package.json contents: {
  "name": "functions",
  "description": "Cloud Functions for Firebase",
  "scripts": {
    "serve": "firebase emulators:start --only functions",
    "shell": "firebase functions:shell",
    "start": "npm run shell",
    "deploy": "firebase deploy --only functions",
    "logs": "firebase functions:log"
  },
  "engines": {
    "node": "16"
  },
  "main": "index.js",
  "dependencies": {
    "firebase": "^9.18.0",
    "firebase-admin": "^11.5.0",
    "firebase-functions": "^4.2.0",
    "nodemailer": "^6.9.1"
  },
  "devDependencies": {
    "firebase-functions-test": "^3.0.0"
  },
  "private": true
}
[debug] [2023-03-28T21:22:02.484Z] Building nodejs source
[debug] [2023-03-28T21:22:02.486Z] Failed to find version of module node: reached end of search path C:\Users\andishe\Desktop\booking-react-app\react-booking\functions\node_modules
[info] +  functions: Using node@16 from host. 
[debug] [2023-03-28T21:22:02.500Z] Could not find functions.yaml. Must use http discovery
[debug] [2023-03-28T21:22:02.565Z] Found firebase-functions binary at 'C:\Users\andishe\Desktop\booking-react-app\react-booking\functions\node_modules\.bin\firebase-functions'
[debug] [2023-03-28T21:22:05.036Z] Serving at port 8393

[debug] [2023-03-28T21:22:09.389Z] Got response from /__/functions.yaml {"endpoints":{"sendEmail":{"platform":"gcfv1","labels":{},"availableMemoryMb":null,"timeoutSeconds":null,"minInstances":null,"maxInstances":null,"ingressSettings":null,"serviceAccountEmail":null,"vpc":null,"callableTrigger":{},"entryPoint":"sendEmail"}},"specVersion":"v1alpha1","requiredAPIs":[]}
[debug] [2023-03-28T21:22:09.433Z] shutdown requested via /__/quitquitquit

[info] +  functions: Loaded functions definitions from source: sendEmail. {"metadata":{"emulator":{"name":"functions"},"message":"Loaded functions definitions from source: sendEmail."}}
[info] +  functions[us-central1-sendEmail]: http function initialized (http://localhost:5000/react-booking-app-45c29/us-central1/sendEmail). {"metadata":{"emulator":{"name":"functions"},"message":"\u001b[1mhttp\u001b[22m function initialized (http://localhost:5000/react-booking-app-45c29/us-central1/sendEmail)."}}
[debug] [2023-03-28T21:23:32.547Z] [work-queue] {"queuedWork":["/react-booking-app-45c29/us-central1/sendEmail-2023-03-28T21:23:32.545Z"],"queueLength":1,"runningWork":[],"workRunningCount":0}
[debug] [2023-03-28T21:23:32.572Z] [work-queue] {"queuedWork":[],"queueLength":0,"runningWork":["/react-booking-app-45c29/us-central1/sendEmail-2023-03-28T21:23:32.545Z"],"workRunningCount":1}
[debug] [2023-03-28T21:23:32.583Z] Accepted request GET /react-booking-app-45c29/us-central1/sendEmail --> us-central1-sendEmail
[debug] [2023-03-28T21:23:32.748Z] [functions] Runtime ready! Sending request! {"metadata":{"emulator":{"name":"functions"},"message":"[functions] Runtime ready! Sending request!"}}
[debug] [2023-03-28T21:23:32.833Z] [functions] Got req.url=/react-booking-app-45c29/us-central1/sendEmail, mapping to path=/ {"metadata":{"emulator":{"name":"functions"},"message":"[functions] Got req.url=/react-booking-app-45c29/us-central1/sendEmail, mapping to path=/"}}
[debug] [2023-03-28T21:23:32.966Z] [worker-pool] addWorker(us-central1-sendEmail) {"metadata":{"emulator":{"name":"functions"},"message":"[worker-pool] addWorker(us-central1-sendEmail)"}}
[debug] [2023-03-28T21:23:32.972Z] [worker-pool] Adding worker with key us-central1-sendEmail, total=1 {"metadata":{"emulator":{"name":"functions"},"message":"[worker-pool] Adding worker with key us-central1-sendEmail, total=1"}}
[debug] [2023-03-28T21:23:43.569Z] [runtime-status] [2588] Resolved module firebase-admin {"declared":true,"installed":true,"version":"11.5.0","resolution":"C:\\Users\\andishe\\Desktop\\booking-react-app\\react-booking\\functions\\node_modules\\firebase-admin\\lib\\index.js"} {"metadata":{"emulator":{"name":"functions"},"function":{"name":"us-central1-sendEmail"},"extension":{},"message":"[runtime-status] [2588] Resolved module firebase-admin {\"declared\":true,\"installed\":true,\"version\":\"11.5.0\",\"resolution\":\"C:\\\\Users\\\\andishe\\\\Desktop\\\\booking-react-app\\\\react-booking\\\\functions\\\\node_modules\\\\firebase-admin\\\\lib\\\\index.js\"}"}}
[debug] [2023-03-28T21:23:43.576Z] [runtime-status] [2588] Resolved module firebase-functions {"declared":true,"installed":true,"version":"4.2.1","resolution":"C:\\Users\\andishe\\Desktop\\booking-react-app\\react-booking\\functions\\node_modules\\firebase-functions\\lib\\v1\\index.js"} {"metadata":{"emulator":{"name":"functions"},"function":{"name":"us-central1-sendEmail"},"extension":{},"message":"[runtime-status] [2588] Resolved module firebase-functions {\"declared\":true,\"installed\":true,\"version\":\"4.2.1\",\"resolution\":\"C:\\\\Users\\\\andishe\\\\Desktop\\\\booking-react-app\\\\react-booking\\\\functions\\\\node_modules\\\\firebase-functions\\\\lib\\\\v1\\\\index.js\"}"}}
[debug] [2023-03-28T21:23:43.581Z] [runtime-status] [2588] Outgoing network have been stubbed. [{"name":"http","status":"mocked"},{"name":"http","status":"mocked"},{"name":"https","status":"mocked"},{"name":"https","status":"mocked"},{"name":"net","status":"mocked"}] {"metadata":{"emulator":{"name":"functions"},"function":{"name":"us-central1-sendEmail"},"extension":{},"message":"[runtime-status] [2588] Outgoing network have been stubbed. [{\"name\":\"http\",\"status\":\"mocked\"},{\"name\":\"http\",\"status\":\"mocked\"},{\"name\":\"https\",\"status\":\"mocked\"},{\"name\":\"https\",\"status\":\"mocked\"},{\"name\":\"net\",\"status\":\"mocked\"}]"}}
[debug] [2023-03-28T21:23:43.587Z] [runtime-status] [2588] Resolved module firebase-functions {"declared":true,"installed":true,"version":"4.2.1","resolution":"C:\\Users\\andishe\\Desktop\\booking-react-app\\react-booking\\functions\\node_modules\\firebase-functions\\lib\\v1\\index.js"} {"metadata":{"emulator":{"name":"functions"},"function":{"name":"us-central1-sendEmail"},"extension":{},"message":"[runtime-status] [2588] Resolved module firebase-functions {\"declared\":true,\"installed\":true,\"version\":\"4.2.1\",\"resolution\":\"C:\\\\Users\\\\andishe\\\\Desktop\\\\booking-react-app\\\\react-booking\\\\functions\\\\node_modules\\\\firebase-functions\\\\lib\\\\v1\\\\index.js\"}"}}
[debug] [2023-03-28T21:23:45.560Z] [runtime-status] [2588] Checked functions.config() {"config":{}} {"metadata":{"emulator":{"name":"functions"},"function":{"name":"us-central1-sendEmail"},"extension":{},"message":"[runtime-status] [2588] Checked functions.config() {\"config\":{}}"}}
[debug] [2023-03-28T21:23:45.567Z] [runtime-status] [2588] firebase-functions has been stubbed. {"functionsResolution":{"declared":true,"installed":true,"version":"4.2.1","resolution":"C:\\Users\\andishe\\Desktop\\booking-react-app\\react-booking\\functions\\node_modules\\firebase-functions\\lib\\v1\\index.js"}} {"metadata":{"emulator":{"name":"functions"},"function":{"name":"us-central1-sendEmail"},"extension":{},"message":"[runtime-status] [2588] firebase-functions has been stubbed. {\"functionsResolution\":{\"declared\":true,\"installed\":true,\"version\":\"4.2.1\",\"resolution\":\"C:\\\\Users\\\\andishe\\\\Desktop\\\\booking-react-app\\\\react-booking\\\\functions\\\\node_modules\\\\firebase-functions\\\\lib\\\\v1\\\\index.js\"}}"}}
[debug] [2023-03-28T21:23:45.572Z] [runtime-status] [2588] Resolved module firebase-functions {"declared":true,"installed":true,"version":"4.2.1","resolution":"C:\\Users\\andishe\\Desktop\\booking-react-app\\react-booking\\functions\\node_modules\\firebase-functions\\lib\\v1\\index.js"} {"metadata":{"emulator":{"name":"functions"},"function":{"name":"us-central1-sendEmail"},"extension":{},"message":"[runtime-status] [2588] Resolved module firebase-functions {\"declared\":true,\"installed\":true,\"version\":\"4.2.1\",\"resolution\":\"C:\\\\Users\\\\andishe\\\\Desktop\\\\booking-react-app\\\\react-booking\\\\functions\\\\node_modules\\\\firebase-functions\\\\lib\\\\v1\\\\index.js\"}"}}
[debug] [2023-03-28T21:23:45.591Z] [runtime-status] [2588] Resolved module firebase-admin {"declared":true,"installed":true,"version":"11.5.0","resolution":"C:\\Users\\andishe\\Desktop\\booking-react-app\\react-booking\\functions\\node_modules\\firebase-admin\\lib\\index.js"} {"metadata":{"emulator":{"name":"functions"},"function":{"name":"us-central1-sendEmail"},"extension":{},"message":"[runtime-status] [2588] Resolved module firebase-admin {\"declared\":true,\"installed\":true,\"version\":\"11.5.0\",\"resolution\":\"C:\\\\Users\\\\andishe\\\\Desktop\\\\booking-react-app\\\\react-booking\\\\functions\\\\node_modules\\\\firebase-admin\\\\lib\\\\index.js\"}"}}
[debug] [2023-03-28T21:23:45.628Z] [runtime-status] [2588] Resolved module firebase-functions {"declared":true,"installed":true,"version":"4.2.1","resolution":"C:\\Users\\andishe\\Desktop\\booking-react-app\\react-booking\\functions\\node_modules\\firebase-functions\\lib\\v1\\index.js"} {"metadata":{"emulator":{"name":"functions"},"function":{"name":"us-central1-sendEmail"},"extension":{},"message":"[runtime-status] [2588] Resolved module firebase-functions {\"declared\":true,\"installed\":true,\"version\":\"4.2.1\",\"resolution\":\"C:\\\\Users\\\\andishe\\\\Desktop\\\\booking-react-app\\\\react-booking\\\\functions\\\\node_modules\\\\firebase-functions\\\\lib\\\\v1\\\\index.js\"}"}}
[debug] [2023-03-28T21:23:45.633Z] [runtime-status] [2588] firebase-admin has been stubbed. {"adminResolution":{"declared":true,"installed":true,"version":"11.5.0","resolution":"C:\\Users\\andishe\\Desktop\\booking-react-app\\react-booking\\functions\\node_modules\\firebase-admin\\lib\\index.js"}} {"metadata":{"emulator":{"name":"functions"},"function":{"name":"us-central1-sendEmail"},"extension":{},"message":"[runtime-status] [2588] firebase-admin has been stubbed. {\"adminResolution\":{\"declared\":true,\"installed\":true,\"version\":\"11.5.0\",\"resolution\":\"C:\\\\Users\\\\andishe\\\\Desktop\\\\booking-react-app\\\\react-booking\\\\functions\\\\node_modules\\\\firebase-admin\\\\lib\\\\index.js\"}}"}}
[debug] [2023-03-28T21:23:45.967Z] [runtime-status] [2588] initializeApp(DEFAULT) {"storageBucket":"react-booking-app-45c29.appspot.com","projectId":"react-booking-app-45c29"} {"metadata":{"emulator":{"name":"functions"},"function":{"name":"us-central1-sendEmail"},"extension":{},"message":"[runtime-status] [2588] initializeApp(DEFAULT) {\"storageBucket\":\"react-booking-app-45c29.appspot.com\",\"projectId\":\"react-booking-app-45c29\"}"}}
[debug] [2023-03-28T21:23:46.000Z] [runtime-status] [2588] Functions runtime initialized. {"cwd":"C:\\Users\\andishe\\Desktop\\booking-react-app\\react-booking\\functions","node_version":"16.16.0"} {"metadata":{"emulator":{"name":"functions"},"function":{"name":"us-central1-sendEmail"},"extension":{},"message":"[runtime-status] [2588] Functions runtime initialized. {\"cwd\":\"C:\\\\Users\\\\andishe\\\\Desktop\\\\booking-react-app\\\\react-booking\\\\functions\",\"node_version\":\"16.16.0\"}"}}
[debug] [2023-03-28T21:23:46.001Z] [runtime-status] [2588] Listening to port: \\?\pipe\fire_emu_005cd3e09419fbdd {"metadata":{"emulator":{"name":"functions"},"function":{"name":"us-central1-sendEmail"},"extension":{},"message":"[runtime-status] [2588] Listening to port: \\\\?\\pipe\\fire_emu_005cd3e09419fbdd"}}
[debug] [2023-03-28T21:23:46.125Z] [worker-us-central1-sendEmail-776adc2e-d4e7-4d41-8b6b-7b98c4888b3e]: IDLE {"metadata":{"emulator":{"name":"functions"},"function":{"name":"us-central1-sendEmail"},"extension":{},"message":"[worker-us-central1-sendEmail-776adc2e-d4e7-4d41-8b6b-7b98c4888b3e]: IDLE"}}
[debug] [2023-03-28T21:23:46.128Z] [worker-pool] submitRequest(triggerId=us-central1-sendEmail) {"metadata":{"emulator":{"name":"functions"},"message":"[worker-pool] submitRequest(triggerId=us-central1-sendEmail)"}}
[info] i  functions: Beginning execution of "us-central1-sendEmail" {"metadata":{"emulator":{"name":"functions"},"function":{"name":"us-central1-sendEmail"},"extension":{},"message":"Beginning execution of \"us-central1-sendEmail\""}}
[debug] [2023-03-28T21:23:46.136Z] [worker-us-central1-sendEmail-776adc2e-d4e7-4d41-8b6b-7b98c4888b3e]: BUSY {"metadata":{"emulator":{"name":"functions"},"function":{"name":"us-central1-sendEmail"},"extension":{},"message":"[worker-us-central1-sendEmail-776adc2e-d4e7-4d41-8b6b-7b98c4888b3e]: BUSY"}}
[info] >  {"severity":"WARNING","message":"Request has invalid method. GET"} {"user":{"severity":"WARNING","message":"Request has invalid method. GET"},"metadata":{"emulator":{"name":"functions"},"function":{"name":"us-central1-sendEmail"},"extension":{},"message":"\u001b[90m> \u001b[39m {\"severity\":\"WARNING\",\"message\":\"Request has invalid method. GET\"}"}}
[info] >  {"severity":"ERROR","message":"Error: Invalid request, unable to process.\n    at entryFromArgs (C:\\Users\\andishe\\Desktop\\booking-react-app\\react-booking\\functions\\node_modules\\firebase-functions\\lib\\logger\\index.js:130:19)\n    at Object.error (C:\\Users\\andishe\\Desktop\\booking-react-app\\react-booking\\functions\\node_modules\\firebase-functions\\lib\\logger\\index.js:116:11)\n    at C:\\Users\\andishe\\Desktop\\booking-react-app\\react-booking\\functions\\node_modules\\firebase-functions\\lib\\common\\providers\\https.js:385:24\n    at C:\\Users\\andishe\\Desktop\\booking-react-app\\react-booking\\functions\\node_modules\\firebase-functions\\lib\\common\\providers\\https.js:374:25\n    at cors (C:\\Users\\andishe\\Desktop\\booking-react-app\\react-booking\\functions\\node_modules\\cors\\lib\\index.js:188:7)\n    at C:\\Users\\andishe\\Desktop\\booking-react-app\\react-booking\\functions\\node_modules\\cors\\lib\\index.js:224:17\n    at originCallback (C:\\Users\\andishe\\Desktop\\booking-react-app\\react-booking\\functions\\node_modules\\cors\\lib\\index.js:214:15)\n    at C:\\Users\\andishe\\Desktop\\booking-react-app\\react-booking\\functions\\node_modules\\cors\\lib\\index.js:219:13\n    at optionsCallback (C:\\Users\\andishe\\Desktop\\booking-react-app\\react-booking\\functions\\node_modules\\cors\\lib\\index.js:199:9)\n    at corsMiddleware (C:\\Users\\andishe\\Desktop\\booking-react-app\\react-booking\\functions\\node_modules\\cors\\lib\\index.js:204:7)"} {"user":{"severity":"ERROR","message":"Error: Invalid request, unable to process.\n    at entryFromArgs (C:\\Users\\andishe\\Desktop\\booking-react-app\\react-booking\\functions\\node_modules\\firebase-functions\\lib\\logger\\index.js:130:19)\n    at Object.error (C:\\Users\\andishe\\Desktop\\booking-react-app\\react-booking\\functions\\node_modules\\firebase-functions\\lib\\logger\\index.js:116:11)\n    at C:\\Users\\andishe\\Desktop\\booking-react-app\\react-booking\\functions\\node_modules\\firebase-functions\\lib\\common\\providers\\https.js:385:24\n    at C:\\Users\\andishe\\Desktop\\booking-react-app\\react-booking\\functions\\node_modules\\firebase-functions\\lib\\common\\providers\\https.js:374:25\n    at cors (C:\\Users\\andishe\\Desktop\\booking-react-app\\react-booking\\functions\\node_modules\\cors\\lib\\index.js:188:7)\n    at C:\\Users\\andishe\\Desktop\\booking-react-app\\react-booking\\functions\\node_modules\\cors\\lib\\index.js:224:17\n    at originCallback (C:\\Users\\andishe\\Desktop\\booking-react-app\\react-booking\\functions\\node_modules\\cors\\lib\\index.js:214:15)\n    at C:\\Users\\andishe\\Desktop\\booking-react-app\\react-booking\\functions\\node_modules\\cors\\lib\\index.js:219:13\n    at optionsCallback (C:\\Users\\andishe\\Desktop\\booking-react-app\\react-booking\\functions\\node_modules\\cors\\lib\\index.js:199:9)\n    at corsMiddleware (C:\\Users\\andishe\\Desktop\\booking-react-app\\react-booking\\functions\\node_modules\\cors\\lib\\index.js:204:7)"},"metadata":{"emulator":{"name":"functions"},"function":{"name":"us-central1-sendEmail"},"extension":{},"message":"\u001b[90m> \u001b[39m {\"severity\":\"ERROR\",\"message\":\"Error: Invalid request, unable to process.\\n    at entryFromArgs (C:\\\\Users\\\\andishe\\\\Desktop\\\\booking-react-app\\\\react-booking\\\\functions\\\\node_modules\\\\firebase-functions\\\\lib\\\\logger\\\\index.js:130:19)\\n    at Object.error (C:\\\\Users\\\\andishe\\\\Desktop\\\\booking-react-app\\\\react-booking\\\\functions\\\\node_modules\\\\firebase-functions\\\\lib\\\\logger\\\\index.js:116:11)\\n    at C:\\\\Users\\\\andishe\\\\Desktop\\\\booking-react-app\\\\react-booking\\\\functions\\\\node_modules\\\\firebase-functions\\\\lib\\\\common\\\\providers\\\\https.js:385:24\\n    at C:\\\\Users\\\\andishe\\\\Desktop\\\\booking-react-app\\\\react-booking\\\\functions\\\\node_modules\\\\firebase-functions\\\\lib\\\\common\\\\providers\\\\https.js:374:25\\n    at cors (C:\\\\Users\\\\andishe\\\\Desktop\\\\booking-react-app\\\\react-booking\\\\functions\\\\node_modules\\\\cors\\\\lib\\\\index.js:188:7)\\n    at C:\\\\Users\\\\andishe\\\\Desktop\\\\booking-react-app\\\\react-booking\\\\functions\\\\node_modules\\\\cors\\\\lib\\\\index.js:224:17\\n    at originCallback (C:\\\\Users\\\\andishe\\\\Desktop\\\\booking-react-app\\\\react-booking\\\\functions\\\\node_modules\\\\cors\\\\lib\\\\index.js:214:15)\\n    at C:\\\\Users\\\\andishe\\\\Desktop\\\\booking-react-app\\\\react-booking\\\\functions\\\\node_modules\\\\cors\\\\lib\\\\index.js:219:13\\n    at optionsCallback (C:\\\\Users\\\\andishe\\\\Desktop\\\\booking-react-app\\\\react-booking\\\\functions\\\\node_modules\\\\cors\\\\lib\\\\index.js:199:9)\\n    at corsMiddleware (C:\\\\Users\\\\andishe\\\\Desktop\\\\booking-react-app\\\\react-booking\\\\functions\\\\node_modules\\\\cors\\\\lib\\\\index.js:204:7)\"}"}}
[info] i  functions: Finished "us-central1-sendEmail" in 219.0826ms {"metadata":{"emulator":{"name":"functions"},"function":{"name":"us-central1-sendEmail"},"extension":{},"message":"Finished \"us-central1-sendEmail\" in 219.0826ms"}}
[debug] [2023-03-28T21:23:46.359Z] [worker-us-central1-sendEmail-776adc2e-d4e7-4d41-8b6b-7b98c4888b3e]: IDLE {"metadata":{"emulator":{"name":"functions"},"function":{"name":"us-central1-sendEmail"},"extension":{},"message":"[worker-us-central1-sendEmail-776adc2e-d4e7-4d41-8b6b-7b98c4888b3e]: IDLE"}}
[debug] [2023-03-28T21:23:46.362Z] [work-queue] {"queuedWork":[],"queueLength":0,"runningWork":[],"workRunningCount":0}
